<?xml version="1.0" encoding="UTF-8"?>
<testsuite xmlns:xsi="http://www.w3.org/2001/XMLSchema-instance" xsi:noNamespaceSchemaLocation="https://maven.apache.org/surefire/maven-surefire-plugin/xsd/surefire-test-report-3.0.xsd" version="3.0" name="io.quarkus.workshop.superheroes.ui.EnvResourceTests" time="7.881" tests="1" errors="0" skipped="0" failures="0">
  <properties>
    <property name="java.specification.version" value="17"/>
    <property name="sun.cpu.isalist" value="amd64"/>
    <property name="sun.jnu.encoding" value="Cp1252"/>
    <property name="test.url" value="http://localhost:8081"/>
    <property name="io.quarkus.security.http.test-if-basic-auth-implicitly-required" value="true"/>
    <property name="java.class.path" value="C:\dev\Projetos\quarkus-super-heroes-workshop\quarkus-super-heroes\super-heroes\ui-super-heroes\target\test-classes;C:\dev\Projetos\quarkus-super-heroes-workshop\quarkus-super-heroes\super-heroes\ui-super-heroes\target\classes;C:\Users\Cliente\.m2\repository\io\quarkiverse\quinoa\quarkus-quinoa\2.4.7\quarkus-quinoa-2.4.7.jar;C:\Users\Cliente\.m2\repository\io\quarkus\quarkus-vertx-http\3.15.0\quarkus-vertx-http-3.15.0.jar;C:\Users\Cliente\.m2\repository\io\quarkus\quarkus-security-runtime-spi\3.15.0\quarkus-security-runtime-spi-3.15.0.jar;C:\Users\Cliente\.m2\repository\io\quarkus\quarkus-tls-registry\3.15.0\quarkus-tls-registry-3.15.0.jar;C:\Users\Cliente\.m2\repository\io\quarkus\quarkus-credentials\3.15.0\quarkus-credentials-3.15.0.jar;C:\Users\Cliente\.m2\repository\io\quarkus\quarkus-mutiny\3.15.0\quarkus-mutiny-3.15.0.jar;C:\Users\Cliente\.m2\repository\io\quarkus\quarkus-smallrye-context-propagation\3.15.0\quarkus-smallrye-context-propagation-3.15.0.jar;C:\Users\Cliente\.m2\repository\io\smallrye\smallrye-context-propagation\2.1.2\smallrye-context-propagation-2.1.2.jar;C:\Users\Cliente\.m2\repository\io\smallrye\smallrye-context-propagation-api\2.1.2\smallrye-context-propagation-api-2.1.2.jar;C:\Users\Cliente\.m2\repository\io\smallrye\smallrye-context-propagation-storage\2.1.2\smallrye-context-propagation-storage-2.1.2.jar;C:\Users\Cliente\.m2\repository\io\smallrye\reactive\mutiny-smallrye-context-propagation\2.6.2\mutiny-smallrye-context-propagation-2.6.2.jar;C:\Users\Cliente\.m2\repository\io\smallrye\common\smallrye-common-vertx-context\2.6.0\smallrye-common-vertx-context-2.6.0.jar;C:\Users\Cliente\.m2\repository\io\smallrye\common\smallrye-common-constraint\2.6.0\smallrye-common-constraint-2.6.0.jar;C:\Users\Cliente\.m2\repository\io\quarkus\security\quarkus-security\2.1.0\quarkus-security-2.1.0.jar;C:\Users\Cliente\.m2\repository\io\quarkus\quarkus-vertx\3.15.0\quarkus-vertx-3.15.0.jar;C:\Users\Cliente\.m2\repository\io\quarkus\quarkus-netty\3.15.0\quarkus-netty-3.15.0.jar;C:\Users\Cliente\.m2\repository\io\netty\netty-codec\4.1.111.Final\netty-codec-4.1.111.Final.jar;C:\Users\Cliente\.m2\repository\com\aayushatharva\brotli4j\brotli4j\1.16.0\brotli4j-1.16.0.jar;C:\Users\Cliente\.m2\repository\com\aayushatharva\brotli4j\service\1.16.0\service-1.16.0.jar;C:\Users\Cliente\.m2\repository\com\aayushatharva\brotli4j\native-windows-x86_64\1.16.0\native-windows-x86_64-1.16.0.jar;C:\Users\Cliente\.m2\repository\io\netty\netty-codec-haproxy\4.1.111.Final\netty-codec-haproxy-4.1.111.Final.jar;C:\Users\Cliente\.m2\repository\io\smallrye\common\smallrye-common-annotation\2.6.0\smallrye-common-annotation-2.6.0.jar;C:\Users\Cliente\.m2\repository\io\quarkus\quarkus-vertx-latebound-mdc-provider\3.15.0\quarkus-vertx-latebound-mdc-provider-3.15.0.jar;C:\Users\Cliente\.m2\repository\io\smallrye\smallrye-fault-tolerance-vertx\6.4.0\smallrye-fault-tolerance-vertx-6.4.0.jar;C:\Users\Cliente\.m2\repository\io\smallrye\reactive\smallrye-mutiny-vertx-web\3.15.0\smallrye-mutiny-vertx-web-3.15.0.jar;C:\Users\Cliente\.m2\repository\io\smallrye\reactive\smallrye-mutiny-vertx-web-common\3.15.0\smallrye-mutiny-vertx-web-common-3.15.0.jar;C:\Users\Cliente\.m2\repository\io\smallrye\reactive\smallrye-mutiny-vertx-auth-common\3.15.0\smallrye-mutiny-vertx-auth-common-3.15.0.jar;C:\Users\Cliente\.m2\repository\io\smallrye\reactive\smallrye-mutiny-vertx-bridge-common\3.15.0\smallrye-mutiny-vertx-bridge-common-3.15.0.jar;C:\Users\Cliente\.m2\repository\io\smallrye\reactive\smallrye-mutiny-vertx-uri-template\3.15.0\smallrye-mutiny-vertx-uri-template-3.15.0.jar;C:\Users\Cliente\.m2\repository\io\vertx\vertx-web\4.5.10\vertx-web-4.5.10.jar;C:\Users\Cliente\.m2\repository\io\vertx\vertx-bridge-common\4.5.10\vertx-bridge-common-4.5.10.jar;C:\Users\Cliente\.m2\repository\io\github\crac\org-crac\0.1.3\org-crac-0.1.3.jar;C:\Users\Cliente\.m2\repository\io\vertx\vertx-web-client\4.5.10\vertx-web-client-4.5.10.jar;C:\Users\Cliente\.m2\repository\io\vertx\vertx-uri-template\4.5.10\vertx-uri-template-4.5.10.jar;C:\Users\Cliente\.m2\repository\io\vertx\vertx-web-common\4.5.10\vertx-web-common-4.5.10.jar;C:\Users\Cliente\.m2\repository\io\vertx\vertx-auth-common\4.5.10\vertx-auth-common-4.5.10.jar;C:\Users\Cliente\.m2\repository\io\vertx\vertx-core\4.5.10\vertx-core-4.5.10.jar;C:\Users\Cliente\.m2\repository\io\netty\netty-common\4.1.111.Final\netty-common-4.1.111.Final.jar;C:\Users\Cliente\.m2\repository\io\netty\netty-buffer\4.1.111.Final\netty-buffer-4.1.111.Final.jar;C:\Users\Cliente\.m2\repository\io\netty\netty-transport\4.1.111.Final\netty-transport-4.1.111.Final.jar;C:\Users\Cliente\.m2\repository\io\netty\netty-handler\4.1.111.Final\netty-handler-4.1.111.Final.jar;C:\Users\Cliente\.m2\repository\io\netty\netty-transport-native-unix-common\4.1.111.Final\netty-transport-native-unix-common-4.1.111.Final.jar;C:\Users\Cliente\.m2\repository\io\netty\netty-handler-proxy\4.1.111.Final\netty-handler-proxy-4.1.111.Final.jar;C:\Users\Cliente\.m2\repository\io\netty\netty-codec-socks\4.1.111.Final\netty-codec-socks-4.1.111.Final.jar;C:\Users\Cliente\.m2\repository\io\netty\netty-codec-http\4.1.111.Final\netty-codec-http-4.1.111.Final.jar;C:\Users\Cliente\.m2\repository\io\netty\netty-codec-http2\4.1.111.Final\netty-codec-http2-4.1.111.Final.jar;C:\Users\Cliente\.m2\repository\io\netty\netty-resolver\4.1.111.Final\netty-resolver-4.1.111.Final.jar;C:\Users\Cliente\.m2\repository\io\netty\netty-resolver-dns\4.1.111.Final\netty-resolver-dns-4.1.111.Final.jar;C:\Users\Cliente\.m2\repository\io\netty\netty-codec-dns\4.1.111.Final\netty-codec-dns-4.1.111.Final.jar;C:\Users\Cliente\.m2\repository\com\fasterxml\jackson\core\jackson-core\2.17.2\jackson-core-2.17.2.jar;C:\Users\Cliente\.m2\repository\io\quarkus\quarkus-arc\3.15.0\quarkus-arc-3.15.0.jar;C:\Users\Cliente\.m2\repository\io\quarkus\arc\arc\3.15.0\arc-3.15.0.jar;C:\Users\Cliente\.m2\repository\jakarta\enterprise\jakarta.enterprise.cdi-api\4.1.0\jakarta.enterprise.cdi-api-4.1.0.jar;C:\Users\Cliente\.m2\repository\jakarta\enterprise\jakarta.enterprise.lang-model\4.1.0\jakarta.enterprise.lang-model-4.1.0.jar;C:\Users\Cliente\.m2\repository\jakarta\el\jakarta.el-api\5.0.1\jakarta.el-api-5.0.1.jar;C:\Users\Cliente\.m2\repository\jakarta\interceptor\jakarta.interceptor-api\2.2.0\jakarta.interceptor-api-2.2.0.jar;C:\Users\Cliente\.m2\repository\jakarta\annotation\jakarta.annotation-api\3.0.0\jakarta.annotation-api-3.0.0.jar;C:\Users\Cliente\.m2\repository\jakarta\transaction\jakarta.transaction-api\2.0.1\jakarta.transaction-api-2.0.1.jar;C:\Users\Cliente\.m2\repository\io\smallrye\reactive\mutiny\2.6.2\mutiny-2.6.2.jar;C:\Users\Cliente\.m2\repository\org\jctools\jctools-core\4.0.5\jctools-core-4.0.5.jar;C:\Users\Cliente\.m2\repository\org\jboss\logging\jboss-logging\3.6.0.Final\jboss-logging-3.6.0.Final.jar;C:\Users\Cliente\.m2\repository\io\quarkus\quarkus-core\3.15.0\quarkus-core-3.15.0.jar;C:\Users\Cliente\.m2\repository\jakarta\inject\jakarta.inject-api\2.0.1\jakarta.inject-api-2.0.1.jar;C:\Users\Cliente\.m2\repository\io\smallrye\common\smallrye-common-os\2.6.0\smallrye-common-os-2.6.0.jar;C:\Users\Cliente\.m2\repository\io\quarkus\quarkus-ide-launcher\3.15.0\quarkus-ide-launcher-3.15.0.jar;C:\Users\Cliente\.m2\repository\io\quarkus\quarkus-development-mode-spi\3.15.0\quarkus-development-mode-spi-3.15.0.jar;C:\Users\Cliente\.m2\repository\io\smallrye\config\smallrye-config\3.9.1\smallrye-config-3.9.1.jar;C:\Users\Cliente\.m2\repository\io\smallrye\config\smallrye-config-core\3.9.1\smallrye-config-core-3.9.1.jar;C:\Users\Cliente\.m2\repository\org\eclipse\microprofile\config\microprofile-config-api\3.1\microprofile-config-api-3.1.jar;C:\Users\Cliente\.m2\repository\io\smallrye\common\smallrye-common-classloader\2.6.0\smallrye-common-classloader-2.6.0.jar;C:\Users\Cliente\.m2\repository\io\smallrye\config\smallrye-config-common\3.9.1\smallrye-config-common-3.9.1.jar;C:\Users\Cliente\.m2\repository\org\jboss\logmanager\jboss-logmanager\3.0.6.Final\jboss-logmanager-3.0.6.Final.jar;C:\Users\Cliente\.m2\repository\io\smallrye\common\smallrye-common-cpu\2.6.0\smallrye-common-cpu-2.6.0.jar;C:\Users\Cliente\.m2\repository\io\smallrye\common\smallrye-common-expression\2.6.0\smallrye-common-expression-2.6.0.jar;C:\Users\Cliente\.m2\repository\io\smallrye\common\smallrye-common-function\2.6.0\smallrye-common-function-2.6.0.jar;C:\Users\Cliente\.m2\repository\io\smallrye\common\smallrye-common-net\2.6.0\smallrye-common-net-2.6.0.jar;C:\Users\Cliente\.m2\repository\io\smallrye\common\smallrye-common-ref\2.6.0\smallrye-common-ref-2.6.0.jar;C:\Users\Cliente\.m2\repository\jakarta\json\jakarta.json-api\2.1.3\jakarta.json-api-2.1.3.jar;C:\Users\Cliente\.m2\repository\org\jboss\logging\jboss-logging-annotations\3.0.1.Final\jboss-logging-annotations-3.0.1.Final.jar;C:\Users\Cliente\.m2\repository\org\jboss\threads\jboss-threads\3.6.1.Final\jboss-threads-3.6.1.Final.jar;C:\Users\Cliente\.m2\repository\org\slf4j\slf4j-api\2.0.6\slf4j-api-2.0.6.jar;C:\Users\Cliente\.m2\repository\org\jboss\slf4j\slf4j-jboss-logmanager\2.0.0.Final\slf4j-jboss-logmanager-2.0.0.Final.jar;C:\Users\Cliente\.m2\repository\org\wildfly\common\wildfly-common\1.7.0.Final\wildfly-common-1.7.0.Final.jar;C:\Users\Cliente\.m2\repository\io\quarkus\quarkus-bootstrap-runner\3.15.0\quarkus-bootstrap-runner-3.15.0.jar;C:\Users\Cliente\.m2\repository\io\quarkus\quarkus-fs-util\0.0.10\quarkus-fs-util-0.0.10.jar;C:\Users\Cliente\.m2\repository\org\eclipse\microprofile\context-propagation\microprofile-context-propagation-api\1.3\microprofile-context-propagation-api-1.3.jar;C:\Users\Cliente\.m2\repository\io\quarkus\quarkus-rest\3.15.0\quarkus-rest-3.15.0.jar;C:\Users\Cliente\.m2\repository\io\quarkus\quarkus-rest-common\3.15.0\quarkus-rest-common-3.15.0.jar;C:\Users\Cliente\.m2\repository\io\quarkus\resteasy\reactive\resteasy-reactive-common\3.15.0\resteasy-reactive-common-3.15.0.jar;C:\Users\Cliente\.m2\repository\io\quarkus\resteasy\reactive\resteasy-reactive-common-types\3.15.0\resteasy-reactive-common-types-3.15.0.jar;C:\Users\Cliente\.m2\repository\org\reactivestreams\reactive-streams\1.0.4\reactive-streams-1.0.4.jar;C:\Users\Cliente\.m2\repository\io\smallrye\reactive\mutiny-zero-flow-adapters\1.1.0\mutiny-zero-flow-adapters-1.1.0.jar;C:\Users\Cliente\.m2\repository\io\quarkus\resteasy\reactive\resteasy-reactive-vertx\3.15.0\resteasy-reactive-vertx-3.15.0.jar;C:\Users\Cliente\.m2\repository\io\smallrye\reactive\smallrye-mutiny-vertx-core\3.15.0\smallrye-mutiny-vertx-core-3.15.0.jar;C:\Users\Cliente\.m2\repository\io\smallrye\reactive\smallrye-mutiny-vertx-runtime\3.15.0\smallrye-mutiny-vertx-runtime-3.15.0.jar;C:\Users\Cliente\.m2\repository\io\smallrye\reactive\vertx-mutiny-generator\3.15.0\vertx-mutiny-generator-3.15.0.jar;C:\Users\Cliente\.m2\repository\io\vertx\vertx-codegen\4.5.10\vertx-codegen-4.5.10.jar;C:\Users\Cliente\.m2\repository\io\quarkus\resteasy\reactive\resteasy-reactive\3.15.0\resteasy-reactive-3.15.0.jar;C:\Users\Cliente\.m2\repository\io\quarkus\vertx\utils\quarkus-vertx-utils\3.15.0\quarkus-vertx-utils-3.15.0.jar;C:\Users\Cliente\.m2\repository\jakarta\ws\rs\jakarta.ws.rs-api\3.1.0\jakarta.ws.rs-api-3.1.0.jar;C:\Users\Cliente\.m2\repository\org\jboss\logging\commons-logging-jboss-logging\1.0.0.Final\commons-logging-jboss-logging-1.0.0.Final.jar;C:\Users\Cliente\.m2\repository\jakarta\xml\bind\jakarta.xml.bind-api\4.0.2\jakarta.xml.bind-api-4.0.2.jar;C:\Users\Cliente\.m2\repository\jakarta\activation\jakarta.activation-api\2.1.3\jakarta.activation-api-2.1.3.jar;C:\Users\Cliente\.m2\repository\io\quarkus\quarkus-jsonp\3.15.0\quarkus-jsonp-3.15.0.jar;C:\Users\Cliente\.m2\repository\org\eclipse\parsson\parsson\1.1.7\parsson-1.1.7.jar;C:\Users\Cliente\.m2\repository\io\quarkus\quarkus-virtual-threads\3.15.0\quarkus-virtual-threads-3.15.0.jar;C:\Users\Cliente\.m2\repository\io\quarkus\quarkus-rest-jackson\3.15.0\quarkus-rest-jackson-3.15.0.jar;C:\Users\Cliente\.m2\repository\io\quarkus\quarkus-rest-jackson-common\3.15.0\quarkus-rest-jackson-common-3.15.0.jar;C:\Users\Cliente\.m2\repository\io\quarkus\resteasy\reactive\resteasy-reactive-jackson\3.15.0\resteasy-reactive-jackson-3.15.0.jar;C:\Users\Cliente\.m2\repository\com\fasterxml\jackson\core\jackson-databind\2.17.2\jackson-databind-2.17.2.jar;C:\Users\Cliente\.m2\repository\com\fasterxml\jackson\core\jackson-annotations\2.17.2\jackson-annotations-2.17.2.jar;C:\Users\Cliente\.m2\repository\io\quarkus\quarkus-jackson\3.15.0\quarkus-jackson-3.15.0.jar;C:\Users\Cliente\.m2\repository\com\fasterxml\jackson\datatype\jackson-datatype-jsr310\2.17.2\jackson-datatype-jsr310-2.17.2.jar;C:\Users\Cliente\.m2\repository\com\fasterxml\jackson\datatype\jackson-datatype-jdk8\2.17.2\jackson-datatype-jdk8-2.17.2.jar;C:\Users\Cliente\.m2\repository\com\fasterxml\jackson\module\jackson-module-parameter-names\2.17.2\jackson-module-parameter-names-2.17.2.jar;C:\Users\Cliente\.m2\repository\io\quarkus\quarkus-container-image-jib\3.15.0\quarkus-container-image-jib-3.15.0.jar;C:\Users\Cliente\.m2\repository\io\quarkus\quarkus-container-image\3.15.0\quarkus-container-image-3.15.0.jar;C:\Users\Cliente\.m2\repository\io\quarkus\quarkus-junit5\3.15.0\quarkus-junit5-3.15.0.jar;C:\Users\Cliente\.m2\repository\io\quarkus\quarkus-bootstrap-core\3.15.0\quarkus-bootstrap-core-3.15.0.jar;C:\Users\Cliente\.m2\repository\io\quarkus\quarkus-classloader-commons\3.15.0\quarkus-classloader-commons-3.15.0.jar;C:\Users\Cliente\.m2\repository\io\quarkus\quarkus-bootstrap-app-model\3.15.0\quarkus-bootstrap-app-model-3.15.0.jar;C:\Users\Cliente\.m2\repository\io\smallrye\common\smallrye-common-io\2.6.0\smallrye-common-io-2.6.0.jar;C:\Users\Cliente\.m2\repository\org\eclipse\sisu\org.eclipse.sisu.inject\0.9.0.M3\org.eclipse.sisu.inject-0.9.0.M3.jar;C:\Users\Cliente\.m2\repository\io\quarkus\quarkus-test-common\3.15.0\quarkus-test-common-3.15.0.jar;C:\Users\Cliente\.m2\repository\io\quarkus\quarkus-core-deployment\3.15.0\quarkus-core-deployment-3.15.0.jar;C:\Users\Cliente\.m2\repository\org\aesh\readline\2.6\readline-2.6.jar;C:\Users\Cliente\.m2\repository\org\fusesource\jansi\jansi\2.4.0\jansi-2.4.0.jar;C:\Users\Cliente\.m2\repository\org\aesh\aesh\2.8.2\aesh-2.8.2.jar;C:\Users\Cliente\.m2\repository\io\quarkus\gizmo\gizmo\1.8.0\gizmo-1.8.0.jar;C:\Users\Cliente\.m2\repository\org\ow2\asm\asm-util\9.7\asm-util-9.7.jar;C:\Users\Cliente\.m2\repository\org\ow2\asm\asm-analysis\9.7\asm-analysis-9.7.jar;C:\Users\Cliente\.m2\repository\org\ow2\asm\asm\9.7\asm-9.7.jar;C:\Users\Cliente\.m2\repository\org\ow2\asm\asm-commons\9.7\asm-commons-9.7.jar;C:\Users\Cliente\.m2\repository\org\ow2\asm\asm-tree\9.7\asm-tree-9.7.jar;C:\Users\Cliente\.m2\repository\io\quarkus\quarkus-hibernate-validator-spi\3.15.0\quarkus-hibernate-validator-spi-3.15.0.jar;C:\Users\Cliente\.m2\repository\io\quarkus\quarkus-class-change-agent\3.15.0\quarkus-class-change-agent-3.15.0.jar;C:\Users\Cliente\.m2\repository\io\quarkus\quarkus-devtools-utilities\3.15.0\quarkus-devtools-utilities-3.15.0.jar;C:\Users\Cliente\.m2\repository\io\quarkus\quarkus-builder\3.15.0\quarkus-builder-3.15.0.jar;C:\Users\Cliente\.m2\repository\org\graalvm\sdk\nativeimage\23.1.2\nativeimage-23.1.2.jar;C:\Users\Cliente\.m2\repository\org\graalvm\sdk\word\23.1.2\word-23.1.2.jar;C:\Users\Cliente\.m2\repository\org\junit\platform\junit-platform-launcher\1.10.3\junit-platform-launcher-1.10.3.jar;C:\Users\Cliente\.m2\repository\io\quarkus\quarkus-bootstrap-maven-resolver\3.15.0\quarkus-bootstrap-maven-resolver-3.15.0.jar;C:\Users\Cliente\.m2\repository\io\smallrye\beanbag\smallrye-beanbag-maven\1.5.2\smallrye-beanbag-maven-1.5.2.jar;C:\Users\Cliente\.m2\repository\io\smallrye\beanbag\smallrye-beanbag-sisu\1.5.2\smallrye-beanbag-sisu-1.5.2.jar;C:\Users\Cliente\.m2\repository\io\smallrye\beanbag\smallrye-beanbag\1.5.2\smallrye-beanbag-1.5.2.jar;C:\Users\Cliente\.m2\repository\javax\inject\javax.inject\1\javax.inject-1.jar;C:\Users\Cliente\.m2\repository\org\apache\maven\maven-artifact\3.9.8\maven-artifact-3.9.8.jar;C:\Users\Cliente\.m2\repository\org\apache\maven\maven-builder-support\3.9.8\maven-builder-support-3.9.8.jar;C:\Users\Cliente\.m2\repository\org\apache\maven\maven-model\3.9.8\maven-model-3.9.8.jar;C:\Users\Cliente\.m2\repository\org\apache\maven\maven-model-builder\3.9.8\maven-model-builder-3.9.8.jar;C:\Users\Cliente\.m2\repository\org\apache\maven\maven-repository-metadata\3.9.8\maven-repository-metadata-3.9.8.jar;C:\Users\Cliente\.m2\repository\org\apache\maven\maven-settings\3.9.8\maven-settings-3.9.8.jar;C:\Users\Cliente\.m2\repository\org\apache\maven\resolver\maven-resolver-api\1.9.22\maven-resolver-api-1.9.22.jar;C:\Users\Cliente\.m2\repository\org\apache\maven\resolver\maven-resolver-impl\1.9.22\maven-resolver-impl-1.9.22.jar;C:\Users\Cliente\.m2\repository\org\apache\maven\resolver\maven-resolver-named-locks\1.9.22\maven-resolver-named-locks-1.9.22.jar;C:\Users\Cliente\.m2\repository\org\apache\maven\resolver\maven-resolver-spi\1.9.22\maven-resolver-spi-1.9.22.jar;C:\Users\Cliente\.m2\repository\org\apache\maven\resolver\maven-resolver-util\1.9.22\maven-resolver-util-1.9.22.jar;C:\Users\Cliente\.m2\repository\org\apache\maven\resolver\maven-resolver-transport-http\1.9.20\maven-resolver-transport-http-1.9.20.jar;C:\Users\Cliente\.m2\repository\org\apache\maven\wagon\wagon-provider-api\3.5.3\wagon-provider-api-3.5.3.jar;C:\Users\Cliente\.m2\repository\org\apache\maven\wagon\wagon-http-shared\3.5.3\wagon-http-shared-3.5.3.jar;C:\Users\Cliente\.m2\repository\org\codehaus\plexus\plexus-interpolation\1.26\plexus-interpolation-1.26.jar;C:\Users\Cliente\.m2\repository\org\codehaus\plexus\plexus-utils\3.5.1\plexus-utils-3.5.1.jar;C:\Users\Cliente\.m2\repository\org\codehaus\plexus\plexus-xml\4.0.1\plexus-xml-4.0.1.jar;C:\Users\Cliente\.m2\repository\org\apache\maven\maven-xml-impl\4.0.0-alpha-5\maven-xml-impl-4.0.0-alpha-5.jar;C:\Users\Cliente\.m2\repository\org\apache\maven\maven-api-xml\4.0.0-alpha-5\maven-api-xml-4.0.0-alpha-5.jar;C:\Users\Cliente\.m2\repository\org\apache\maven\maven-api-meta\4.0.0-alpha-5\maven-api-meta-4.0.0-alpha-5.jar;C:\Users\Cliente\.m2\repository\org\codehaus\plexus\plexus-cipher\2.0\plexus-cipher-2.0.jar;C:\Users\Cliente\.m2\repository\org\codehaus\plexus\plexus-sec-dispatcher\2.0\plexus-sec-dispatcher-2.0.jar;C:\Users\Cliente\.m2\repository\org\apache\maven\maven-embedder\3.9.8\maven-embedder-3.9.8.jar;C:\Users\Cliente\.m2\repository\org\apache\maven\maven-core\3.9.8\maven-core-3.9.8.jar;C:\Users\Cliente\.m2\repository\org\codehaus\plexus\plexus-component-annotations\2.1.0\plexus-component-annotations-2.1.0.jar;C:\Users\Cliente\.m2\repository\org\apache\maven\maven-plugin-api\3.9.8\maven-plugin-api-3.9.8.jar;C:\Users\Cliente\.m2\repository\org\apache\maven\shared\maven-shared-utils\3.4.2\maven-shared-utils-3.4.2.jar;C:\Users\Cliente\.m2\repository\com\google\inject\guice\5.1.0\guice-5.1.0.jar;C:\Users\Cliente\.m2\repository\aopalliance\aopalliance\1.0\aopalliance-1.0.jar;C:\Users\Cliente\.m2\repository\com\google\guava\guava\33.2.1-jre\guava-33.2.1-jre.jar;C:\Users\Cliente\.m2\repository\com\google\guava\failureaccess\1.0.1\failureaccess-1.0.1.jar;C:\Users\Cliente\.m2\repository\javax\annotation\javax.annotation-api\1.3.2\javax.annotation-api-1.3.2.jar;C:\Users\Cliente\.m2\repository\org\codehaus\plexus\plexus-classworlds\2.6.0\plexus-classworlds-2.6.0.jar;C:\Users\Cliente\.m2\repository\commons-cli\commons-cli\1.8.0\commons-cli-1.8.0.jar;C:\Users\Cliente\.m2\repository\org\eclipse\sisu\org.eclipse.sisu.plexus\0.9.0.M3\org.eclipse.sisu.plexus-0.9.0.M3.jar;C:\Users\Cliente\.m2\repository\org\apache\maven\maven-settings-builder\3.9.8\maven-settings-builder-3.9.8.jar;C:\Users\Cliente\.m2\repository\org\apache\maven\maven-resolver-provider\3.9.8\maven-resolver-provider-3.9.8.jar;C:\Users\Cliente\.m2\repository\org\apache\maven\resolver\maven-resolver-connector-basic\1.9.22\maven-resolver-connector-basic-1.9.22.jar;C:\Users\Cliente\.m2\repository\org\apache\maven\resolver\maven-resolver-transport-wagon\1.9.22\maven-resolver-transport-wagon-1.9.22.jar;C:\Users\Cliente\.m2\repository\org\apache\maven\wagon\wagon-http\3.5.3\wagon-http-3.5.3.jar;C:\Users\Cliente\.m2\repository\org\apache\maven\wagon\wagon-file\3.5.3\wagon-file-3.5.3.jar;C:\Users\Cliente\.m2\repository\io\quarkus\quarkus-bootstrap-gradle-resolver\3.15.0\quarkus-bootstrap-gradle-resolver-3.15.0.jar;C:\Users\Cliente\.m2\repository\io\smallrye\jandex\3.2.2\jandex-3.2.2.jar;C:\Users\Cliente\.m2\repository\commons-io\commons-io\2.16.1\commons-io-2.16.1.jar;C:\Users\Cliente\.m2\repository\io\quarkus\quarkus-junit5-properties\3.15.0\quarkus-junit5-properties-3.15.0.jar;C:\Users\Cliente\.m2\repository\org\junit\jupiter\junit-jupiter\5.10.3\junit-jupiter-5.10.3.jar;C:\Users\Cliente\.m2\repository\org\junit\jupiter\junit-jupiter-api\5.10.3\junit-jupiter-api-5.10.3.jar;C:\Users\Cliente\.m2\repository\org\opentest4j\opentest4j\1.3.0\opentest4j-1.3.0.jar;C:\Users\Cliente\.m2\repository\org\junit\platform\junit-platform-commons\1.10.3\junit-platform-commons-1.10.3.jar;C:\Users\Cliente\.m2\repository\org\apiguardian\apiguardian-api\1.1.2\apiguardian-api-1.1.2.jar;C:\Users\Cliente\.m2\repository\org\junit\jupiter\junit-jupiter-params\5.10.3\junit-jupiter-params-5.10.3.jar;C:\Users\Cliente\.m2\repository\org\junit\jupiter\junit-jupiter-engine\5.10.3\junit-jupiter-engine-5.10.3.jar;C:\Users\Cliente\.m2\repository\org\junit\platform\junit-platform-engine\1.10.3\junit-platform-engine-1.10.3.jar;C:\Users\Cliente\.m2\repository\org\jboss\marshalling\jboss-marshalling\2.2.1.Final\jboss-marshalling-2.2.1.Final.jar;C:\Users\Cliente\.m2\repository\io\rest-assured\rest-assured\5.5.0\rest-assured-5.5.0.jar;C:\Users\Cliente\.m2\repository\org\apache\groovy\groovy\4.0.22\groovy-4.0.22.jar;C:\Users\Cliente\.m2\repository\org\apache\groovy\groovy-xml\4.0.22\groovy-xml-4.0.22.jar;C:\Users\Cliente\.m2\repository\org\apache\httpcomponents\httpclient\4.5.14\httpclient-4.5.14.jar;C:\Users\Cliente\.m2\repository\org\apache\httpcomponents\httpcore\4.4.16\httpcore-4.4.16.jar;C:\Users\Cliente\.m2\repository\commons-codec\commons-codec\1.17.1\commons-codec-1.17.1.jar;C:\Users\Cliente\.m2\repository\org\apache\httpcomponents\httpmime\4.5.14\httpmime-4.5.14.jar;C:\Users\Cliente\.m2\repository\org\hamcrest\hamcrest\2.2\hamcrest-2.2.jar;C:\Users\Cliente\.m2\repository\org\ccil\cowan\tagsoup\tagsoup\1.2.1\tagsoup-1.2.1.jar;C:\Users\Cliente\.m2\repository\io\rest-assured\json-path\5.5.0\json-path-5.5.0.jar;C:\Users\Cliente\.m2\repository\org\apache\groovy\groovy-json\4.0.22\groovy-json-4.0.22.jar;C:\Users\Cliente\.m2\repository\io\rest-assured\rest-assured-common\5.5.0\rest-assured-common-5.5.0.jar;C:\Users\Cliente\.m2\repository\io\rest-assured\xml-path\5.5.0\xml-path-5.5.0.jar;C:\Users\Cliente\.m2\repository\org\apache\commons\commons-lang3\3.14.0\commons-lang3-3.14.0.jar;C:\Users\Cliente\.m2\repository\io\quarkiverse\quinoa\quarkus-quinoa-testing\2.4.7\quarkus-quinoa-testing-2.4.7.jar;C:\Users\Cliente\.m2\repository\io\quarkiverse\playwright\quarkus-playwright\1.0.0\quarkus-playwright-1.0.0.jar;C:\Users\Cliente\.m2\repository\com\microsoft\playwright\playwright\1.41.2\playwright-1.41.2.jar;C:\Users\Cliente\.m2\repository\com\google\code\gson\gson\2.11.0\gson-2.11.0.jar;C:\Users\Cliente\.m2\repository\com\google\errorprone\error_prone_annotations\2.30.0\error_prone_annotations-2.30.0.jar;C:\Users\Cliente\.m2\repository\com\microsoft\playwright\driver\1.41.2\driver-1.41.2.jar;C:\Users\Cliente\.m2\repository\com\microsoft\playwright\driver-bundle\1.41.2\driver-bundle-1.41.2.jar;"/>
    <property name="quarkus.container-image.build" value="true"/>
    <property name="java.vm.vendor" value="Amazon.com Inc."/>
    <property name="sun.arch.data.model" value="64"/>
    <property name="user.variant" value=""/>
    <property name="java.vendor.url" value="https://aws.amazon.com/corretto/"/>
    <property name="user.timezone" value="America/Sao_Paulo"/>
    <property name="logging.initial-configurator.min-level" value="500"/>
    <property name="os.name" value="Windows 10"/>
    <property name="java.vm.specification.version" value="17"/>
    <property name="sun.java.launcher" value="SUN_STANDARD"/>
    <property name="user.country" value="BR"/>
    <property name="groovy.use.classvalue" value="false"/>
    <property name="sun.boot.library.path" value="C:\Program Files\Amazon Corretto\jdk17.0.12_7\bin"/>
    <property name="sun.java.command" value="C:\Users\Cliente\AppData\Local\Temp\surefire6818875760191831321\surefirebooter-20250210074958429_3.jar C:\Users\Cliente\AppData\Local\Temp\surefire6818875760191831321 2025-02-10T07-49-58_185-jvmRun1 surefire-20250210074958429_1tmp surefire_0-20250210074958429_2tmp"/>
    <property name="jdk.debug" value="release"/>
    <property name="maven.home" value="C:\Program Files\maven"/>
    <property name="surefire.test.class.path" value="C:\dev\Projetos\quarkus-super-heroes-workshop\quarkus-super-heroes\super-heroes\ui-super-heroes\target\test-classes;C:\dev\Projetos\quarkus-super-heroes-workshop\quarkus-super-heroes\super-heroes\ui-super-heroes\target\classes;C:\Users\Cliente\.m2\repository\io\quarkiverse\quinoa\quarkus-quinoa\2.4.7\quarkus-quinoa-2.4.7.jar;C:\Users\Cliente\.m2\repository\io\quarkus\quarkus-vertx-http\3.15.0\quarkus-vertx-http-3.15.0.jar;C:\Users\Cliente\.m2\repository\io\quarkus\quarkus-security-runtime-spi\3.15.0\quarkus-security-runtime-spi-3.15.0.jar;C:\Users\Cliente\.m2\repository\io\quarkus\quarkus-tls-registry\3.15.0\quarkus-tls-registry-3.15.0.jar;C:\Users\Cliente\.m2\repository\io\quarkus\quarkus-credentials\3.15.0\quarkus-credentials-3.15.0.jar;C:\Users\Cliente\.m2\repository\io\quarkus\quarkus-mutiny\3.15.0\quarkus-mutiny-3.15.0.jar;C:\Users\Cliente\.m2\repository\io\quarkus\quarkus-smallrye-context-propagation\3.15.0\quarkus-smallrye-context-propagation-3.15.0.jar;C:\Users\Cliente\.m2\repository\io\smallrye\smallrye-context-propagation\2.1.2\smallrye-context-propagation-2.1.2.jar;C:\Users\Cliente\.m2\repository\io\smallrye\smallrye-context-propagation-api\2.1.2\smallrye-context-propagation-api-2.1.2.jar;C:\Users\Cliente\.m2\repository\io\smallrye\smallrye-context-propagation-storage\2.1.2\smallrye-context-propagation-storage-2.1.2.jar;C:\Users\Cliente\.m2\repository\io\smallrye\reactive\mutiny-smallrye-context-propagation\2.6.2\mutiny-smallrye-context-propagation-2.6.2.jar;C:\Users\Cliente\.m2\repository\io\smallrye\common\smallrye-common-vertx-context\2.6.0\smallrye-common-vertx-context-2.6.0.jar;C:\Users\Cliente\.m2\repository\io\smallrye\common\smallrye-common-constraint\2.6.0\smallrye-common-constraint-2.6.0.jar;C:\Users\Cliente\.m2\repository\io\quarkus\security\quarkus-security\2.1.0\quarkus-security-2.1.0.jar;C:\Users\Cliente\.m2\repository\io\quarkus\quarkus-vertx\3.15.0\quarkus-vertx-3.15.0.jar;C:\Users\Cliente\.m2\repository\io\quarkus\quarkus-netty\3.15.0\quarkus-netty-3.15.0.jar;C:\Users\Cliente\.m2\repository\io\netty\netty-codec\4.1.111.Final\netty-codec-4.1.111.Final.jar;C:\Users\Cliente\.m2\repository\com\aayushatharva\brotli4j\brotli4j\1.16.0\brotli4j-1.16.0.jar;C:\Users\Cliente\.m2\repository\com\aayushatharva\brotli4j\service\1.16.0\service-1.16.0.jar;C:\Users\Cliente\.m2\repository\com\aayushatharva\brotli4j\native-windows-x86_64\1.16.0\native-windows-x86_64-1.16.0.jar;C:\Users\Cliente\.m2\repository\io\netty\netty-codec-haproxy\4.1.111.Final\netty-codec-haproxy-4.1.111.Final.jar;C:\Users\Cliente\.m2\repository\io\smallrye\common\smallrye-common-annotation\2.6.0\smallrye-common-annotation-2.6.0.jar;C:\Users\Cliente\.m2\repository\io\quarkus\quarkus-vertx-latebound-mdc-provider\3.15.0\quarkus-vertx-latebound-mdc-provider-3.15.0.jar;C:\Users\Cliente\.m2\repository\io\smallrye\smallrye-fault-tolerance-vertx\6.4.0\smallrye-fault-tolerance-vertx-6.4.0.jar;C:\Users\Cliente\.m2\repository\io\smallrye\reactive\smallrye-mutiny-vertx-web\3.15.0\smallrye-mutiny-vertx-web-3.15.0.jar;C:\Users\Cliente\.m2\repository\io\smallrye\reactive\smallrye-mutiny-vertx-web-common\3.15.0\smallrye-mutiny-vertx-web-common-3.15.0.jar;C:\Users\Cliente\.m2\repository\io\smallrye\reactive\smallrye-mutiny-vertx-auth-common\3.15.0\smallrye-mutiny-vertx-auth-common-3.15.0.jar;C:\Users\Cliente\.m2\repository\io\smallrye\reactive\smallrye-mutiny-vertx-bridge-common\3.15.0\smallrye-mutiny-vertx-bridge-common-3.15.0.jar;C:\Users\Cliente\.m2\repository\io\smallrye\reactive\smallrye-mutiny-vertx-uri-template\3.15.0\smallrye-mutiny-vertx-uri-template-3.15.0.jar;C:\Users\Cliente\.m2\repository\io\vertx\vertx-web\4.5.10\vertx-web-4.5.10.jar;C:\Users\Cliente\.m2\repository\io\vertx\vertx-bridge-common\4.5.10\vertx-bridge-common-4.5.10.jar;C:\Users\Cliente\.m2\repository\io\github\crac\org-crac\0.1.3\org-crac-0.1.3.jar;C:\Users\Cliente\.m2\repository\io\vertx\vertx-web-client\4.5.10\vertx-web-client-4.5.10.jar;C:\Users\Cliente\.m2\repository\io\vertx\vertx-uri-template\4.5.10\vertx-uri-template-4.5.10.jar;C:\Users\Cliente\.m2\repository\io\vertx\vertx-web-common\4.5.10\vertx-web-common-4.5.10.jar;C:\Users\Cliente\.m2\repository\io\vertx\vertx-auth-common\4.5.10\vertx-auth-common-4.5.10.jar;C:\Users\Cliente\.m2\repository\io\vertx\vertx-core\4.5.10\vertx-core-4.5.10.jar;C:\Users\Cliente\.m2\repository\io\netty\netty-common\4.1.111.Final\netty-common-4.1.111.Final.jar;C:\Users\Cliente\.m2\repository\io\netty\netty-buffer\4.1.111.Final\netty-buffer-4.1.111.Final.jar;C:\Users\Cliente\.m2\repository\io\netty\netty-transport\4.1.111.Final\netty-transport-4.1.111.Final.jar;C:\Users\Cliente\.m2\repository\io\netty\netty-handler\4.1.111.Final\netty-handler-4.1.111.Final.jar;C:\Users\Cliente\.m2\repository\io\netty\netty-transport-native-unix-common\4.1.111.Final\netty-transport-native-unix-common-4.1.111.Final.jar;C:\Users\Cliente\.m2\repository\io\netty\netty-handler-proxy\4.1.111.Final\netty-handler-proxy-4.1.111.Final.jar;C:\Users\Cliente\.m2\repository\io\netty\netty-codec-socks\4.1.111.Final\netty-codec-socks-4.1.111.Final.jar;C:\Users\Cliente\.m2\repository\io\netty\netty-codec-http\4.1.111.Final\netty-codec-http-4.1.111.Final.jar;C:\Users\Cliente\.m2\repository\io\netty\netty-codec-http2\4.1.111.Final\netty-codec-http2-4.1.111.Final.jar;C:\Users\Cliente\.m2\repository\io\netty\netty-resolver\4.1.111.Final\netty-resolver-4.1.111.Final.jar;C:\Users\Cliente\.m2\repository\io\netty\netty-resolver-dns\4.1.111.Final\netty-resolver-dns-4.1.111.Final.jar;C:\Users\Cliente\.m2\repository\io\netty\netty-codec-dns\4.1.111.Final\netty-codec-dns-4.1.111.Final.jar;C:\Users\Cliente\.m2\repository\com\fasterxml\jackson\core\jackson-core\2.17.2\jackson-core-2.17.2.jar;C:\Users\Cliente\.m2\repository\io\quarkus\quarkus-arc\3.15.0\quarkus-arc-3.15.0.jar;C:\Users\Cliente\.m2\repository\io\quarkus\arc\arc\3.15.0\arc-3.15.0.jar;C:\Users\Cliente\.m2\repository\jakarta\enterprise\jakarta.enterprise.cdi-api\4.1.0\jakarta.enterprise.cdi-api-4.1.0.jar;C:\Users\Cliente\.m2\repository\jakarta\enterprise\jakarta.enterprise.lang-model\4.1.0\jakarta.enterprise.lang-model-4.1.0.jar;C:\Users\Cliente\.m2\repository\jakarta\el\jakarta.el-api\5.0.1\jakarta.el-api-5.0.1.jar;C:\Users\Cliente\.m2\repository\jakarta\interceptor\jakarta.interceptor-api\2.2.0\jakarta.interceptor-api-2.2.0.jar;C:\Users\Cliente\.m2\repository\jakarta\annotation\jakarta.annotation-api\3.0.0\jakarta.annotation-api-3.0.0.jar;C:\Users\Cliente\.m2\repository\jakarta\transaction\jakarta.transaction-api\2.0.1\jakarta.transaction-api-2.0.1.jar;C:\Users\Cliente\.m2\repository\io\smallrye\reactive\mutiny\2.6.2\mutiny-2.6.2.jar;C:\Users\Cliente\.m2\repository\org\jctools\jctools-core\4.0.5\jctools-core-4.0.5.jar;C:\Users\Cliente\.m2\repository\org\jboss\logging\jboss-logging\3.6.0.Final\jboss-logging-3.6.0.Final.jar;C:\Users\Cliente\.m2\repository\io\quarkus\quarkus-core\3.15.0\quarkus-core-3.15.0.jar;C:\Users\Cliente\.m2\repository\jakarta\inject\jakarta.inject-api\2.0.1\jakarta.inject-api-2.0.1.jar;C:\Users\Cliente\.m2\repository\io\smallrye\common\smallrye-common-os\2.6.0\smallrye-common-os-2.6.0.jar;C:\Users\Cliente\.m2\repository\io\quarkus\quarkus-ide-launcher\3.15.0\quarkus-ide-launcher-3.15.0.jar;C:\Users\Cliente\.m2\repository\io\quarkus\quarkus-development-mode-spi\3.15.0\quarkus-development-mode-spi-3.15.0.jar;C:\Users\Cliente\.m2\repository\io\smallrye\config\smallrye-config\3.9.1\smallrye-config-3.9.1.jar;C:\Users\Cliente\.m2\repository\io\smallrye\config\smallrye-config-core\3.9.1\smallrye-config-core-3.9.1.jar;C:\Users\Cliente\.m2\repository\org\eclipse\microprofile\config\microprofile-config-api\3.1\microprofile-config-api-3.1.jar;C:\Users\Cliente\.m2\repository\io\smallrye\common\smallrye-common-classloader\2.6.0\smallrye-common-classloader-2.6.0.jar;C:\Users\Cliente\.m2\repository\io\smallrye\config\smallrye-config-common\3.9.1\smallrye-config-common-3.9.1.jar;C:\Users\Cliente\.m2\repository\org\jboss\logmanager\jboss-logmanager\3.0.6.Final\jboss-logmanager-3.0.6.Final.jar;C:\Users\Cliente\.m2\repository\io\smallrye\common\smallrye-common-cpu\2.6.0\smallrye-common-cpu-2.6.0.jar;C:\Users\Cliente\.m2\repository\io\smallrye\common\smallrye-common-expression\2.6.0\smallrye-common-expression-2.6.0.jar;C:\Users\Cliente\.m2\repository\io\smallrye\common\smallrye-common-function\2.6.0\smallrye-common-function-2.6.0.jar;C:\Users\Cliente\.m2\repository\io\smallrye\common\smallrye-common-net\2.6.0\smallrye-common-net-2.6.0.jar;C:\Users\Cliente\.m2\repository\io\smallrye\common\smallrye-common-ref\2.6.0\smallrye-common-ref-2.6.0.jar;C:\Users\Cliente\.m2\repository\jakarta\json\jakarta.json-api\2.1.3\jakarta.json-api-2.1.3.jar;C:\Users\Cliente\.m2\repository\org\jboss\logging\jboss-logging-annotations\3.0.1.Final\jboss-logging-annotations-3.0.1.Final.jar;C:\Users\Cliente\.m2\repository\org\jboss\threads\jboss-threads\3.6.1.Final\jboss-threads-3.6.1.Final.jar;C:\Users\Cliente\.m2\repository\org\slf4j\slf4j-api\2.0.6\slf4j-api-2.0.6.jar;C:\Users\Cliente\.m2\repository\org\jboss\slf4j\slf4j-jboss-logmanager\2.0.0.Final\slf4j-jboss-logmanager-2.0.0.Final.jar;C:\Users\Cliente\.m2\repository\org\wildfly\common\wildfly-common\1.7.0.Final\wildfly-common-1.7.0.Final.jar;C:\Users\Cliente\.m2\repository\io\quarkus\quarkus-bootstrap-runner\3.15.0\quarkus-bootstrap-runner-3.15.0.jar;C:\Users\Cliente\.m2\repository\io\quarkus\quarkus-fs-util\0.0.10\quarkus-fs-util-0.0.10.jar;C:\Users\Cliente\.m2\repository\org\eclipse\microprofile\context-propagation\microprofile-context-propagation-api\1.3\microprofile-context-propagation-api-1.3.jar;C:\Users\Cliente\.m2\repository\io\quarkus\quarkus-rest\3.15.0\quarkus-rest-3.15.0.jar;C:\Users\Cliente\.m2\repository\io\quarkus\quarkus-rest-common\3.15.0\quarkus-rest-common-3.15.0.jar;C:\Users\Cliente\.m2\repository\io\quarkus\resteasy\reactive\resteasy-reactive-common\3.15.0\resteasy-reactive-common-3.15.0.jar;C:\Users\Cliente\.m2\repository\io\quarkus\resteasy\reactive\resteasy-reactive-common-types\3.15.0\resteasy-reactive-common-types-3.15.0.jar;C:\Users\Cliente\.m2\repository\org\reactivestreams\reactive-streams\1.0.4\reactive-streams-1.0.4.jar;C:\Users\Cliente\.m2\repository\io\smallrye\reactive\mutiny-zero-flow-adapters\1.1.0\mutiny-zero-flow-adapters-1.1.0.jar;C:\Users\Cliente\.m2\repository\io\quarkus\resteasy\reactive\resteasy-reactive-vertx\3.15.0\resteasy-reactive-vertx-3.15.0.jar;C:\Users\Cliente\.m2\repository\io\smallrye\reactive\smallrye-mutiny-vertx-core\3.15.0\smallrye-mutiny-vertx-core-3.15.0.jar;C:\Users\Cliente\.m2\repository\io\smallrye\reactive\smallrye-mutiny-vertx-runtime\3.15.0\smallrye-mutiny-vertx-runtime-3.15.0.jar;C:\Users\Cliente\.m2\repository\io\smallrye\reactive\vertx-mutiny-generator\3.15.0\vertx-mutiny-generator-3.15.0.jar;C:\Users\Cliente\.m2\repository\io\vertx\vertx-codegen\4.5.10\vertx-codegen-4.5.10.jar;C:\Users\Cliente\.m2\repository\io\quarkus\resteasy\reactive\resteasy-reactive\3.15.0\resteasy-reactive-3.15.0.jar;C:\Users\Cliente\.m2\repository\io\quarkus\vertx\utils\quarkus-vertx-utils\3.15.0\quarkus-vertx-utils-3.15.0.jar;C:\Users\Cliente\.m2\repository\jakarta\ws\rs\jakarta.ws.rs-api\3.1.0\jakarta.ws.rs-api-3.1.0.jar;C:\Users\Cliente\.m2\repository\org\jboss\logging\commons-logging-jboss-logging\1.0.0.Final\commons-logging-jboss-logging-1.0.0.Final.jar;C:\Users\Cliente\.m2\repository\jakarta\xml\bind\jakarta.xml.bind-api\4.0.2\jakarta.xml.bind-api-4.0.2.jar;C:\Users\Cliente\.m2\repository\jakarta\activation\jakarta.activation-api\2.1.3\jakarta.activation-api-2.1.3.jar;C:\Users\Cliente\.m2\repository\io\quarkus\quarkus-jsonp\3.15.0\quarkus-jsonp-3.15.0.jar;C:\Users\Cliente\.m2\repository\org\eclipse\parsson\parsson\1.1.7\parsson-1.1.7.jar;C:\Users\Cliente\.m2\repository\io\quarkus\quarkus-virtual-threads\3.15.0\quarkus-virtual-threads-3.15.0.jar;C:\Users\Cliente\.m2\repository\io\quarkus\quarkus-rest-jackson\3.15.0\quarkus-rest-jackson-3.15.0.jar;C:\Users\Cliente\.m2\repository\io\quarkus\quarkus-rest-jackson-common\3.15.0\quarkus-rest-jackson-common-3.15.0.jar;C:\Users\Cliente\.m2\repository\io\quarkus\resteasy\reactive\resteasy-reactive-jackson\3.15.0\resteasy-reactive-jackson-3.15.0.jar;C:\Users\Cliente\.m2\repository\com\fasterxml\jackson\core\jackson-databind\2.17.2\jackson-databind-2.17.2.jar;C:\Users\Cliente\.m2\repository\com\fasterxml\jackson\core\jackson-annotations\2.17.2\jackson-annotations-2.17.2.jar;C:\Users\Cliente\.m2\repository\io\quarkus\quarkus-jackson\3.15.0\quarkus-jackson-3.15.0.jar;C:\Users\Cliente\.m2\repository\com\fasterxml\jackson\datatype\jackson-datatype-jsr310\2.17.2\jackson-datatype-jsr310-2.17.2.jar;C:\Users\Cliente\.m2\repository\com\fasterxml\jackson\datatype\jackson-datatype-jdk8\2.17.2\jackson-datatype-jdk8-2.17.2.jar;C:\Users\Cliente\.m2\repository\com\fasterxml\jackson\module\jackson-module-parameter-names\2.17.2\jackson-module-parameter-names-2.17.2.jar;C:\Users\Cliente\.m2\repository\io\quarkus\quarkus-container-image-jib\3.15.0\quarkus-container-image-jib-3.15.0.jar;C:\Users\Cliente\.m2\repository\io\quarkus\quarkus-container-image\3.15.0\quarkus-container-image-3.15.0.jar;C:\Users\Cliente\.m2\repository\io\quarkus\quarkus-junit5\3.15.0\quarkus-junit5-3.15.0.jar;C:\Users\Cliente\.m2\repository\io\quarkus\quarkus-bootstrap-core\3.15.0\quarkus-bootstrap-core-3.15.0.jar;C:\Users\Cliente\.m2\repository\io\quarkus\quarkus-classloader-commons\3.15.0\quarkus-classloader-commons-3.15.0.jar;C:\Users\Cliente\.m2\repository\io\quarkus\quarkus-bootstrap-app-model\3.15.0\quarkus-bootstrap-app-model-3.15.0.jar;C:\Users\Cliente\.m2\repository\io\smallrye\common\smallrye-common-io\2.6.0\smallrye-common-io-2.6.0.jar;C:\Users\Cliente\.m2\repository\org\eclipse\sisu\org.eclipse.sisu.inject\0.9.0.M3\org.eclipse.sisu.inject-0.9.0.M3.jar;C:\Users\Cliente\.m2\repository\io\quarkus\quarkus-test-common\3.15.0\quarkus-test-common-3.15.0.jar;C:\Users\Cliente\.m2\repository\io\quarkus\quarkus-core-deployment\3.15.0\quarkus-core-deployment-3.15.0.jar;C:\Users\Cliente\.m2\repository\org\aesh\readline\2.6\readline-2.6.jar;C:\Users\Cliente\.m2\repository\org\fusesource\jansi\jansi\2.4.0\jansi-2.4.0.jar;C:\Users\Cliente\.m2\repository\org\aesh\aesh\2.8.2\aesh-2.8.2.jar;C:\Users\Cliente\.m2\repository\io\quarkus\gizmo\gizmo\1.8.0\gizmo-1.8.0.jar;C:\Users\Cliente\.m2\repository\org\ow2\asm\asm-util\9.7\asm-util-9.7.jar;C:\Users\Cliente\.m2\repository\org\ow2\asm\asm-analysis\9.7\asm-analysis-9.7.jar;C:\Users\Cliente\.m2\repository\org\ow2\asm\asm\9.7\asm-9.7.jar;C:\Users\Cliente\.m2\repository\org\ow2\asm\asm-commons\9.7\asm-commons-9.7.jar;C:\Users\Cliente\.m2\repository\org\ow2\asm\asm-tree\9.7\asm-tree-9.7.jar;C:\Users\Cliente\.m2\repository\io\quarkus\quarkus-hibernate-validator-spi\3.15.0\quarkus-hibernate-validator-spi-3.15.0.jar;C:\Users\Cliente\.m2\repository\io\quarkus\quarkus-class-change-agent\3.15.0\quarkus-class-change-agent-3.15.0.jar;C:\Users\Cliente\.m2\repository\io\quarkus\quarkus-devtools-utilities\3.15.0\quarkus-devtools-utilities-3.15.0.jar;C:\Users\Cliente\.m2\repository\io\quarkus\quarkus-builder\3.15.0\quarkus-builder-3.15.0.jar;C:\Users\Cliente\.m2\repository\org\graalvm\sdk\nativeimage\23.1.2\nativeimage-23.1.2.jar;C:\Users\Cliente\.m2\repository\org\graalvm\sdk\word\23.1.2\word-23.1.2.jar;C:\Users\Cliente\.m2\repository\org\junit\platform\junit-platform-launcher\1.10.3\junit-platform-launcher-1.10.3.jar;C:\Users\Cliente\.m2\repository\io\quarkus\quarkus-bootstrap-maven-resolver\3.15.0\quarkus-bootstrap-maven-resolver-3.15.0.jar;C:\Users\Cliente\.m2\repository\io\smallrye\beanbag\smallrye-beanbag-maven\1.5.2\smallrye-beanbag-maven-1.5.2.jar;C:\Users\Cliente\.m2\repository\io\smallrye\beanbag\smallrye-beanbag-sisu\1.5.2\smallrye-beanbag-sisu-1.5.2.jar;C:\Users\Cliente\.m2\repository\io\smallrye\beanbag\smallrye-beanbag\1.5.2\smallrye-beanbag-1.5.2.jar;C:\Users\Cliente\.m2\repository\javax\inject\javax.inject\1\javax.inject-1.jar;C:\Users\Cliente\.m2\repository\org\apache\maven\maven-artifact\3.9.8\maven-artifact-3.9.8.jar;C:\Users\Cliente\.m2\repository\org\apache\maven\maven-builder-support\3.9.8\maven-builder-support-3.9.8.jar;C:\Users\Cliente\.m2\repository\org\apache\maven\maven-model\3.9.8\maven-model-3.9.8.jar;C:\Users\Cliente\.m2\repository\org\apache\maven\maven-model-builder\3.9.8\maven-model-builder-3.9.8.jar;C:\Users\Cliente\.m2\repository\org\apache\maven\maven-repository-metadata\3.9.8\maven-repository-metadata-3.9.8.jar;C:\Users\Cliente\.m2\repository\org\apache\maven\maven-settings\3.9.8\maven-settings-3.9.8.jar;C:\Users\Cliente\.m2\repository\org\apache\maven\resolver\maven-resolver-api\1.9.22\maven-resolver-api-1.9.22.jar;C:\Users\Cliente\.m2\repository\org\apache\maven\resolver\maven-resolver-impl\1.9.22\maven-resolver-impl-1.9.22.jar;C:\Users\Cliente\.m2\repository\org\apache\maven\resolver\maven-resolver-named-locks\1.9.22\maven-resolver-named-locks-1.9.22.jar;C:\Users\Cliente\.m2\repository\org\apache\maven\resolver\maven-resolver-spi\1.9.22\maven-resolver-spi-1.9.22.jar;C:\Users\Cliente\.m2\repository\org\apache\maven\resolver\maven-resolver-util\1.9.22\maven-resolver-util-1.9.22.jar;C:\Users\Cliente\.m2\repository\org\apache\maven\resolver\maven-resolver-transport-http\1.9.20\maven-resolver-transport-http-1.9.20.jar;C:\Users\Cliente\.m2\repository\org\apache\maven\wagon\wagon-provider-api\3.5.3\wagon-provider-api-3.5.3.jar;C:\Users\Cliente\.m2\repository\org\apache\maven\wagon\wagon-http-shared\3.5.3\wagon-http-shared-3.5.3.jar;C:\Users\Cliente\.m2\repository\org\codehaus\plexus\plexus-interpolation\1.26\plexus-interpolation-1.26.jar;C:\Users\Cliente\.m2\repository\org\codehaus\plexus\plexus-utils\3.5.1\plexus-utils-3.5.1.jar;C:\Users\Cliente\.m2\repository\org\codehaus\plexus\plexus-xml\4.0.1\plexus-xml-4.0.1.jar;C:\Users\Cliente\.m2\repository\org\apache\maven\maven-xml-impl\4.0.0-alpha-5\maven-xml-impl-4.0.0-alpha-5.jar;C:\Users\Cliente\.m2\repository\org\apache\maven\maven-api-xml\4.0.0-alpha-5\maven-api-xml-4.0.0-alpha-5.jar;C:\Users\Cliente\.m2\repository\org\apache\maven\maven-api-meta\4.0.0-alpha-5\maven-api-meta-4.0.0-alpha-5.jar;C:\Users\Cliente\.m2\repository\org\codehaus\plexus\plexus-cipher\2.0\plexus-cipher-2.0.jar;C:\Users\Cliente\.m2\repository\org\codehaus\plexus\plexus-sec-dispatcher\2.0\plexus-sec-dispatcher-2.0.jar;C:\Users\Cliente\.m2\repository\org\apache\maven\maven-embedder\3.9.8\maven-embedder-3.9.8.jar;C:\Users\Cliente\.m2\repository\org\apache\maven\maven-core\3.9.8\maven-core-3.9.8.jar;C:\Users\Cliente\.m2\repository\org\codehaus\plexus\plexus-component-annotations\2.1.0\plexus-component-annotations-2.1.0.jar;C:\Users\Cliente\.m2\repository\org\apache\maven\maven-plugin-api\3.9.8\maven-plugin-api-3.9.8.jar;C:\Users\Cliente\.m2\repository\org\apache\maven\shared\maven-shared-utils\3.4.2\maven-shared-utils-3.4.2.jar;C:\Users\Cliente\.m2\repository\com\google\inject\guice\5.1.0\guice-5.1.0.jar;C:\Users\Cliente\.m2\repository\aopalliance\aopalliance\1.0\aopalliance-1.0.jar;C:\Users\Cliente\.m2\repository\com\google\guava\guava\33.2.1-jre\guava-33.2.1-jre.jar;C:\Users\Cliente\.m2\repository\com\google\guava\failureaccess\1.0.1\failureaccess-1.0.1.jar;C:\Users\Cliente\.m2\repository\javax\annotation\javax.annotation-api\1.3.2\javax.annotation-api-1.3.2.jar;C:\Users\Cliente\.m2\repository\org\codehaus\plexus\plexus-classworlds\2.6.0\plexus-classworlds-2.6.0.jar;C:\Users\Cliente\.m2\repository\commons-cli\commons-cli\1.8.0\commons-cli-1.8.0.jar;C:\Users\Cliente\.m2\repository\org\eclipse\sisu\org.eclipse.sisu.plexus\0.9.0.M3\org.eclipse.sisu.plexus-0.9.0.M3.jar;C:\Users\Cliente\.m2\repository\org\apache\maven\maven-settings-builder\3.9.8\maven-settings-builder-3.9.8.jar;C:\Users\Cliente\.m2\repository\org\apache\maven\maven-resolver-provider\3.9.8\maven-resolver-provider-3.9.8.jar;C:\Users\Cliente\.m2\repository\org\apache\maven\resolver\maven-resolver-connector-basic\1.9.22\maven-resolver-connector-basic-1.9.22.jar;C:\Users\Cliente\.m2\repository\org\apache\maven\resolver\maven-resolver-transport-wagon\1.9.22\maven-resolver-transport-wagon-1.9.22.jar;C:\Users\Cliente\.m2\repository\org\apache\maven\wagon\wagon-http\3.5.3\wagon-http-3.5.3.jar;C:\Users\Cliente\.m2\repository\org\apache\maven\wagon\wagon-file\3.5.3\wagon-file-3.5.3.jar;C:\Users\Cliente\.m2\repository\io\quarkus\quarkus-bootstrap-gradle-resolver\3.15.0\quarkus-bootstrap-gradle-resolver-3.15.0.jar;C:\Users\Cliente\.m2\repository\io\smallrye\jandex\3.2.2\jandex-3.2.2.jar;C:\Users\Cliente\.m2\repository\commons-io\commons-io\2.16.1\commons-io-2.16.1.jar;C:\Users\Cliente\.m2\repository\io\quarkus\quarkus-junit5-properties\3.15.0\quarkus-junit5-properties-3.15.0.jar;C:\Users\Cliente\.m2\repository\org\junit\jupiter\junit-jupiter\5.10.3\junit-jupiter-5.10.3.jar;C:\Users\Cliente\.m2\repository\org\junit\jupiter\junit-jupiter-api\5.10.3\junit-jupiter-api-5.10.3.jar;C:\Users\Cliente\.m2\repository\org\opentest4j\opentest4j\1.3.0\opentest4j-1.3.0.jar;C:\Users\Cliente\.m2\repository\org\junit\platform\junit-platform-commons\1.10.3\junit-platform-commons-1.10.3.jar;C:\Users\Cliente\.m2\repository\org\apiguardian\apiguardian-api\1.1.2\apiguardian-api-1.1.2.jar;C:\Users\Cliente\.m2\repository\org\junit\jupiter\junit-jupiter-params\5.10.3\junit-jupiter-params-5.10.3.jar;C:\Users\Cliente\.m2\repository\org\junit\jupiter\junit-jupiter-engine\5.10.3\junit-jupiter-engine-5.10.3.jar;C:\Users\Cliente\.m2\repository\org\junit\platform\junit-platform-engine\1.10.3\junit-platform-engine-1.10.3.jar;C:\Users\Cliente\.m2\repository\org\jboss\marshalling\jboss-marshalling\2.2.1.Final\jboss-marshalling-2.2.1.Final.jar;C:\Users\Cliente\.m2\repository\io\rest-assured\rest-assured\5.5.0\rest-assured-5.5.0.jar;C:\Users\Cliente\.m2\repository\org\apache\groovy\groovy\4.0.22\groovy-4.0.22.jar;C:\Users\Cliente\.m2\repository\org\apache\groovy\groovy-xml\4.0.22\groovy-xml-4.0.22.jar;C:\Users\Cliente\.m2\repository\org\apache\httpcomponents\httpclient\4.5.14\httpclient-4.5.14.jar;C:\Users\Cliente\.m2\repository\org\apache\httpcomponents\httpcore\4.4.16\httpcore-4.4.16.jar;C:\Users\Cliente\.m2\repository\commons-codec\commons-codec\1.17.1\commons-codec-1.17.1.jar;C:\Users\Cliente\.m2\repository\org\apache\httpcomponents\httpmime\4.5.14\httpmime-4.5.14.jar;C:\Users\Cliente\.m2\repository\org\hamcrest\hamcrest\2.2\hamcrest-2.2.jar;C:\Users\Cliente\.m2\repository\org\ccil\cowan\tagsoup\tagsoup\1.2.1\tagsoup-1.2.1.jar;C:\Users\Cliente\.m2\repository\io\rest-assured\json-path\5.5.0\json-path-5.5.0.jar;C:\Users\Cliente\.m2\repository\org\apache\groovy\groovy-json\4.0.22\groovy-json-4.0.22.jar;C:\Users\Cliente\.m2\repository\io\rest-assured\rest-assured-common\5.5.0\rest-assured-common-5.5.0.jar;C:\Users\Cliente\.m2\repository\io\rest-assured\xml-path\5.5.0\xml-path-5.5.0.jar;C:\Users\Cliente\.m2\repository\org\apache\commons\commons-lang3\3.14.0\commons-lang3-3.14.0.jar;C:\Users\Cliente\.m2\repository\io\quarkiverse\quinoa\quarkus-quinoa-testing\2.4.7\quarkus-quinoa-testing-2.4.7.jar;C:\Users\Cliente\.m2\repository\io\quarkiverse\playwright\quarkus-playwright\1.0.0\quarkus-playwright-1.0.0.jar;C:\Users\Cliente\.m2\repository\com\microsoft\playwright\playwright\1.41.2\playwright-1.41.2.jar;C:\Users\Cliente\.m2\repository\com\google\code\gson\gson\2.11.0\gson-2.11.0.jar;C:\Users\Cliente\.m2\repository\com\google\errorprone\error_prone_annotations\2.30.0\error_prone_annotations-2.30.0.jar;C:\Users\Cliente\.m2\repository\com\microsoft\playwright\driver\1.41.2\driver-1.41.2.jar;C:\Users\Cliente\.m2\repository\com\microsoft\playwright\driver-bundle\1.41.2\driver-bundle-1.41.2.jar;"/>
    <property name="sun.cpu.endian" value="little"/>
    <property name="vertx.disableWebsockets" value="true"/>
    <property name="user.home" value="C:\Users\Cliente"/>
    <property name="user.language" value="pt"/>
    <property name="jboss.log-version" value="false"/>
    <property name="java.specification.vendor" value="Oracle Corporation"/>
    <property name="io.netty.allocator.maxOrder" value="3"/>
    <property name="java.version.date" value="2024-07-16"/>
    <property name="java.home" value="C:\Program Files\Amazon Corretto\jdk17.0.12_7"/>
    <property name="file.separator" value="\"/>
    <property name="basedir" value="C:\dev\Projetos\quarkus-super-heroes-workshop\quarkus-super-heroes\super-heroes\ui-super-heroes"/>
    <property name="java.vm.compressedOopsMode" value="Zero based"/>
    <property name="line.separator" value="&#10;"/>
    <property name="java.vm.specification.vendor" value="Oracle Corporation"/>
    <property name="java.specification.name" value="Java Platform API Specification"/>
    <property name="surefire.real.class.path" value="C:\Users\Cliente\AppData\Local\Temp\surefire6818875760191831321\surefirebooter-20250210074958429_3.jar"/>
    <property name="user.script" value=""/>
    <property name="sun.management.compiler" value="HotSpot 64-Bit Tiered Compilers"/>
    <property name="java.runtime.version" value="17.0.12+7-LTS"/>
    <property name="user.name" value="Cliente"/>
    <property name="path.separator" value=";"/>
    <property name="os.version" value="10.0"/>
    <property name="java.runtime.name" value="OpenJDK Runtime Environment"/>
    <property name="file.encoding" value="Cp1252"/>
    <property name="java.vm.name" value="OpenJDK 64-Bit Server VM"/>
    <property name="java.vendor.version" value="Corretto-17.0.12.7.1"/>
    <property name="localRepository" value="C:\Users\Cliente\.m2\repository"/>
    <property name="java.vendor.url.bug" value="https://github.com/corretto/corretto-17/issues/"/>
    <property name="java.io.tmpdir" value="C:\Users\Cliente\AppData\Local\Temp\"/>
    <property name="quarkus.log.file.path" value="target\quarkus.log"/>
    <property name="java.version" value="17.0.12"/>
    <property name="java.util.concurrent.ForkJoinPool.common.threadFactory" value="io.quarkus.bootstrap.forkjoin.QuarkusForkJoinWorkerThreadFactory"/>
    <property name="user.dir" value="C:\dev\Projetos\quarkus-super-heroes-workshop\quarkus-super-heroes\super-heroes\ui-super-heroes"/>
    <property name="os.arch" value="amd64"/>
    <property name="java.vm.specification.name" value="Java Virtual Machine Specification"/>
    <property name="vertx.disableDnsResolver" value="true"/>
    <property name="sun.os.patch.level" value=""/>
    <property name="native.encoding" value="Cp1252"/>
    <property name="java.util.logging.manager" value="org.jboss.logmanager.LogManager"/>
    <property name="java.library.path" value="C:\Program Files\Amazon Corretto\jdk17.0.12_7\bin;C:\Windows\Sun\Java\bin;C:\Windows\system32;C:\Windows;C:\Users\Cliente\bin;C:\Program Files\Git\mingw64\bin;C:\Program Files\Git\usr\local\bin;C:\Program Files\Git\usr\bin;C:\Program Files\Git\usr\bin;C:\Program Files\Git\mingw64\bin;C:\Program Files\Git\usr\bin;C:\Users\Cliente\bin;C:\Program Files\Eclipse Adoptium\jdk-21.0.6.7-hotspot\bin;C:\Program Files\Amazon Corretto\jdk17.0.12_7\bin;C:\Program Files\Common Files\Oracle\Java\javapath;C:\Program Files (x86)\Common Files\Oracle\Java\javapath;C:\Windows\system32;C:\Windows;C:\Windows\System32\Wbem;C:\Windows\System32\WindowsPowerShell\v1.0;C:\Windows\System32\OpenSSH;C:\Program Files\dotnet;C:\Program Files\Amazon Corretto\jdk17.0.12_7\bin;C:\Program Files\maven\bin;C:\Program Files\Git\cmd;C:\Program Files\Git\mingw64\bin;C:\Program Files\Git\usr\bin;C:\Program Files (x86)\NVIDIA Corporation\PhysX\Common;C:\Users\Cliente\AppData\Roaming\nvm;C:\Program Files\nodejs;C:\Program Files\Cloudflare\Cloudflare WARP;C:\Program Files\NVIDIA Corporation\NVIDIA app\NvDLISR;C:\Program Files\Docker\Docker\resources\bin;C:\Program Files (x86)\Windows Kits\10\Windows Performance Toolkit;C:\vcpkg;C:\Program Files\OpenSSL-Win64;C:\Program Files\Microsoft SQL Server\150\Tools\Binn;C:\Program Files\Microsoft SQL Server\Client SDK\ODBC\170\Tools\Binn;C:\Users\Cliente\AppData\Local\Programs\Python\Launcher;C:\Users\Cliente\AppData\Local\Microsoft\WindowsApps;C:\Users\Cliente\AppData\Local\JetBrains\Toolbox\scripts;C:\Users\Cliente\AppData\Local\GitHubDesktop\bin;C:\Users\Cliente\AppData\Roaming\nvm;C:\Program Files\nodejs;C:\Users\Cliente\AppData\Local\Programs\Microsoft VS Code\bin;C:\Gradle\gradle-8.9\bin;C:\Users\Cliente\AppData\Local\Programs\Python\Python312;C:\MinGW\bin;C:\Users\Cliente\.dotnet\tools;C:\Program Files\Git\usr\bin\vendor_perl;C:\Program Files\Git\usr\bin\core_perl;."/>
    <property name="java.vm.info" value="mixed mode, sharing"/>
    <property name="java.vendor" value="Amazon.com Inc."/>
    <property name="vertx.disableTCCL" value="true"/>
    <property name="java.vm.version" value="17.0.12+7-LTS"/>
    <property name="sun.io.unicode.encoding" value="UnicodeLittle"/>
    <property name="io.netty.machineId" value="e6:f4:7c:3b:74:37:48:93"/>
    <property name="java.class.version" value="61.0"/>
  </properties>
  <testcase name="javascriptEndpoint" classname="io.quarkus.workshop.superheroes.ui.EnvResourceTests" time="1.272">
    <system-out><![CDATA[2025-02-10 07:50:03,540 WARN  [io.qua.qui.dep.QuinoaProcessor] (build-39) Quinoa is disabled by default in tests.
2025-02-10 07:50:05,594 INFO  [io.quarkus] (main) ui-super-heroes 1.0.0-SNAPSHOT on JVM (powered by Quarkus 3.15.0) started in 3.382s. Listening on: http://localhost:8081
2025-02-10 07:50:05,595 INFO  [io.quarkus] (main) Profile test activated. 
2025-02-10 07:50:05,595 INFO  [io.quarkus] (main) Installed features: [cdi, quinoa, rest, rest-jackson, smallrye-context-propagation, vertx]
]]></system-out>
  </testcase>
</testsuite>